mode: atomic
github.com/edson-mazvila/task-manager/internal/config/config.go:37.30,58.30 4 12
github.com/edson-mazvila/task-manager/internal/config/config.go:58.30,59.39 1 120
github.com/edson-mazvila/task-manager/internal/config/config.go:59.39,61.4 1 13
github.com/edson-mazvila/task-manager/internal/config/config.go:65.2,68.22 3 12
github.com/edson-mazvila/task-manager/internal/config/config.go:68.22,69.71 1 12
github.com/edson-mazvila/task-manager/internal/config/config.go:69.71,71.22 1 1
github.com/edson-mazvila/task-manager/internal/config/config.go:71.22,73.5 1 1
github.com/edson-mazvila/task-manager/internal/config/config.go:78.2,78.42 1 11
github.com/edson-mazvila/task-manager/internal/config/config.go:78.42,80.3 1 6
github.com/edson-mazvila/task-manager/internal/config/config.go:81.2,81.42 1 11
github.com/edson-mazvila/task-manager/internal/config/config.go:81.42,83.3 1 2
github.com/edson-mazvila/task-manager/internal/config/config.go:84.2,84.42 1 11
github.com/edson-mazvila/task-manager/internal/config/config.go:84.42,86.3 1 2
github.com/edson-mazvila/task-manager/internal/config/config.go:87.2,87.42 1 11
github.com/edson-mazvila/task-manager/internal/config/config.go:87.42,89.3 1 0
github.com/edson-mazvila/task-manager/internal/config/config.go:90.2,90.42 1 11
github.com/edson-mazvila/task-manager/internal/config/config.go:90.42,92.3 1 0
github.com/edson-mazvila/task-manager/internal/config/config.go:93.2,93.42 1 11
github.com/edson-mazvila/task-manager/internal/config/config.go:93.42,95.3 1 0
github.com/edson-mazvila/task-manager/internal/config/config.go:96.2,96.46 1 11
github.com/edson-mazvila/task-manager/internal/config/config.go:96.46,98.3 1 0
github.com/edson-mazvila/task-manager/internal/config/config.go:99.2,99.46 1 11
github.com/edson-mazvila/task-manager/internal/config/config.go:99.46,101.3 1 0
github.com/edson-mazvila/task-manager/internal/config/config.go:102.2,102.44 1 11
github.com/edson-mazvila/task-manager/internal/config/config.go:102.44,104.3 1 2
github.com/edson-mazvila/task-manager/internal/config/config.go:105.2,105.45 1 11
github.com/edson-mazvila/task-manager/internal/config/config.go:105.45,107.3 1 1
github.com/edson-mazvila/task-manager/internal/config/config.go:109.2,109.39 1 11
github.com/edson-mazvila/task-manager/internal/config/config.go:109.39,111.3 1 5
github.com/edson-mazvila/task-manager/internal/config/config.go:113.2,113.17 1 6
github.com/edson-mazvila/task-manager/internal/config/config.go:117.66,118.16 1 12
github.com/edson-mazvila/task-manager/internal/config/config.go:118.16,120.3 1 0
github.com/edson-mazvila/task-manager/internal/config/config.go:123.2,123.49 1 12
github.com/edson-mazvila/task-manager/internal/config/config.go:123.49,125.15 1 10
github.com/edson-mazvila/task-manager/internal/config/config.go:125.15,127.4 1 1
github.com/edson-mazvila/task-manager/internal/config/config.go:128.3,128.13 1 9
github.com/edson-mazvila/task-manager/internal/config/config.go:131.2,132.16 2 2
github.com/edson-mazvila/task-manager/internal/config/config.go:132.16,134.3 1 0
github.com/edson-mazvila/task-manager/internal/config/config.go:136.2,136.50 1 2
github.com/edson-mazvila/task-manager/internal/config/config.go:136.50,138.3 1 0
github.com/edson-mazvila/task-manager/internal/config/config.go:140.2,140.12 1 2
github.com/edson-mazvila/task-manager/internal/config/config.go:144.35,145.66 1 11
github.com/edson-mazvila/task-manager/internal/config/config.go:145.66,147.3 1 1
github.com/edson-mazvila/task-manager/internal/config/config.go:149.2,149.33 1 10
github.com/edson-mazvila/task-manager/internal/config/config.go:149.33,150.28 1 8
github.com/edson-mazvila/task-manager/internal/config/config.go:150.28,153.18 2 5
github.com/edson-mazvila/task-manager/internal/config/config.go:153.18,155.5 1 0
github.com/edson-mazvila/task-manager/internal/config/config.go:156.4,156.73 1 5
github.com/edson-mazvila/task-manager/internal/config/config.go:160.2,160.35 1 10
github.com/edson-mazvila/task-manager/internal/config/config.go:160.35,161.28 1 2
github.com/edson-mazvila/task-manager/internal/config/config.go:161.28,163.4 1 0
github.com/edson-mazvila/task-manager/internal/config/config.go:164.3,164.28 1 2
github.com/edson-mazvila/task-manager/internal/config/config.go:164.28,166.4 1 0
github.com/edson-mazvila/task-manager/internal/config/config.go:167.3,167.28 1 2
github.com/edson-mazvila/task-manager/internal/config/config.go:167.28,169.4 1 2
github.com/edson-mazvila/task-manager/internal/config/config.go:172.2,173.38 2 8
github.com/edson-mazvila/task-manager/internal/config/config.go:173.38,175.3 1 1
github.com/edson-mazvila/task-manager/internal/config/config.go:177.2,178.40 2 7
github.com/edson-mazvila/task-manager/internal/config/config.go:178.40,180.3 1 1
github.com/edson-mazvila/task-manager/internal/config/config.go:182.2,182.12 1 6
github.com/edson-mazvila/task-manager/internal/config/config.go:186.55,187.42 1 120
github.com/edson-mazvila/task-manager/internal/config/config.go:187.42,189.3 1 16
github.com/edson-mazvila/task-manager/internal/config/config.go:190.2,190.21 1 104
github.com/edson-mazvila/task-manager/internal/config/config.go:194.59,195.42 1 12
github.com/edson-mazvila/task-manager/internal/config/config.go:195.42,197.63 2 0
github.com/edson-mazvila/task-manager/internal/config/config.go:197.63,199.4 1 0
github.com/edson-mazvila/task-manager/internal/config/config.go:201.2,201.21 1 12
github.com/edson-mazvila/task-manager/internal/domain/task.go:47.33,48.19 1 26
github.com/edson-mazvila/task-manager/internal/domain/task.go:48.19,50.3 1 1
github.com/edson-mazvila/task-manager/internal/domain/task.go:52.2,52.70 1 25
github.com/edson-mazvila/task-manager/internal/domain/task.go:52.70,54.3 1 0
github.com/edson-mazvila/task-manager/internal/domain/task.go:56.2,56.105 1 25
github.com/edson-mazvila/task-manager/internal/domain/task.go:56.105,58.3 1 2
github.com/edson-mazvila/task-manager/internal/domain/task.go:60.2,60.12 1 23
github.com/edson-mazvila/task-manager/internal/domain/task.go:64.32,69.2 4 3
github.com/edson-mazvila/task-manager/internal/repository/sqlite_task_repository.go:20.85,25.2 1 10
github.com/edson-mazvila/task-manager/internal/repository/sqlite_task_repository.go:28.85,47.16 3 21
github.com/edson-mazvila/task-manager/internal/repository/sqlite_task_repository.go:47.16,50.3 2 0
github.com/edson-mazvila/task-manager/internal/repository/sqlite_task_repository.go:52.2,53.12 2 21
github.com/edson-mazvila/task-manager/internal/repository/sqlite_task_repository.go:57.94,78.16 5 18
github.com/edson-mazvila/task-manager/internal/repository/sqlite_task_repository.go:78.16,79.36 1 4
github.com/edson-mazvila/task-manager/internal/repository/sqlite_task_repository.go:79.36,81.4 1 4
github.com/edson-mazvila/task-manager/internal/repository/sqlite_task_repository.go:82.3,83.56 2 0
github.com/edson-mazvila/task-manager/internal/repository/sqlite_task_repository.go:86.2,86.23 1 14
github.com/edson-mazvila/task-manager/internal/repository/sqlite_task_repository.go:86.23,88.3 1 0
github.com/edson-mazvila/task-manager/internal/repository/sqlite_task_repository.go:90.2,90.18 1 14
github.com/edson-mazvila/task-manager/internal/repository/sqlite_task_repository.go:94.108,98.26 3 7
github.com/edson-mazvila/task-manager/internal/repository/sqlite_task_repository.go:98.26,101.3 2 3
github.com/edson-mazvila/task-manager/internal/repository/sqlite_task_repository.go:103.2,103.28 1 7
github.com/edson-mazvila/task-manager/internal/repository/sqlite_task_repository.go:103.28,106.3 2 2
github.com/edson-mazvila/task-manager/internal/repository/sqlite_task_repository.go:108.2,108.28 1 7
github.com/edson-mazvila/task-manager/internal/repository/sqlite_task_repository.go:108.28,111.3 2 1
github.com/edson-mazvila/task-manager/internal/repository/sqlite_task_repository.go:113.2,113.26 1 7
github.com/edson-mazvila/task-manager/internal/repository/sqlite_task_repository.go:113.26,116.3 2 1
github.com/edson-mazvila/task-manager/internal/repository/sqlite_task_repository.go:118.2,121.16 3 7
github.com/edson-mazvila/task-manager/internal/repository/sqlite_task_repository.go:121.16,124.3 2 0
github.com/edson-mazvila/task-manager/internal/repository/sqlite_task_repository.go:125.2,128.18 3 7
github.com/edson-mazvila/task-manager/internal/repository/sqlite_task_repository.go:128.18,143.17 4 24
github.com/edson-mazvila/task-manager/internal/repository/sqlite_task_repository.go:143.17,146.4 2 0
github.com/edson-mazvila/task-manager/internal/repository/sqlite_task_repository.go:148.3,148.24 1 24
github.com/edson-mazvila/task-manager/internal/repository/sqlite_task_repository.go:148.24,150.4 1 3
github.com/edson-mazvila/task-manager/internal/repository/sqlite_task_repository.go:152.3,152.30 1 24
github.com/edson-mazvila/task-manager/internal/repository/sqlite_task_repository.go:155.2,155.35 1 7
github.com/edson-mazvila/task-manager/internal/repository/sqlite_task_repository.go:155.35,158.3 2 0
github.com/edson-mazvila/task-manager/internal/repository/sqlite_task_repository.go:160.2,160.19 1 7
github.com/edson-mazvila/task-manager/internal/repository/sqlite_task_repository.go:164.85,167.16 2 5
github.com/edson-mazvila/task-manager/internal/repository/sqlite_task_repository.go:167.16,169.3 1 0
github.com/edson-mazvila/task-manager/internal/repository/sqlite_task_repository.go:171.2,171.21 1 5
github.com/edson-mazvila/task-manager/internal/repository/sqlite_task_repository.go:171.21,173.3 1 0
github.com/edson-mazvila/task-manager/internal/repository/sqlite_task_repository.go:175.2,193.16 3 5
github.com/edson-mazvila/task-manager/internal/repository/sqlite_task_repository.go:193.16,196.3 2 0
github.com/edson-mazvila/task-manager/internal/repository/sqlite_task_repository.go:198.2,199.16 2 5
github.com/edson-mazvila/task-manager/internal/repository/sqlite_task_repository.go:199.16,202.3 2 0
github.com/edson-mazvila/task-manager/internal/repository/sqlite_task_repository.go:204.2,204.23 1 5
github.com/edson-mazvila/task-manager/internal/repository/sqlite_task_repository.go:204.23,206.3 1 0
github.com/edson-mazvila/task-manager/internal/repository/sqlite_task_repository.go:208.2,209.12 2 5
github.com/edson-mazvila/task-manager/internal/repository/sqlite_task_repository.go:213.77,217.16 3 2
github.com/edson-mazvila/task-manager/internal/repository/sqlite_task_repository.go:217.16,220.3 2 0
github.com/edson-mazvila/task-manager/internal/repository/sqlite_task_repository.go:222.2,223.16 2 2
github.com/edson-mazvila/task-manager/internal/repository/sqlite_task_repository.go:223.16,226.3 2 0
github.com/edson-mazvila/task-manager/internal/repository/sqlite_task_repository.go:228.2,228.23 1 2
github.com/edson-mazvila/task-manager/internal/repository/sqlite_task_repository.go:228.23,230.3 1 1
github.com/edson-mazvila/task-manager/internal/repository/sqlite_task_repository.go:232.2,233.12 2 1
github.com/edson-mazvila/task-manager/internal/service/task_service.go:20.83,25.2 1 10
github.com/edson-mazvila/task-manager/internal/service/task_service.go:28.134,39.40 2 23
github.com/edson-mazvila/task-manager/internal/service/task_service.go:39.40,42.3 2 2
github.com/edson-mazvila/task-manager/internal/service/task_service.go:44.2,44.49 1 21
github.com/edson-mazvila/task-manager/internal/service/task_service.go:44.49,47.3 2 0
github.com/edson-mazvila/task-manager/internal/service/task_service.go:49.2,50.18 2 21
github.com/edson-mazvila/task-manager/internal/service/task_service.go:54.85,55.14 1 6
github.com/edson-mazvila/task-manager/internal/service/task_service.go:55.14,57.3 1 1
github.com/edson-mazvila/task-manager/internal/service/task_service.go:59.2,60.16 2 5
github.com/edson-mazvila/task-manager/internal/service/task_service.go:60.16,63.3 2 2
github.com/edson-mazvila/task-manager/internal/service/task_service.go:65.2,65.18 1 3
github.com/edson-mazvila/task-manager/internal/service/task_service.go:69.104,71.16 2 7
github.com/edson-mazvila/task-manager/internal/service/task_service.go:71.16,74.3 2 0
github.com/edson-mazvila/task-manager/internal/service/task_service.go:76.2,77.19 2 7
github.com/edson-mazvila/task-manager/internal/service/task_service.go:81.138,82.14 1 4
github.com/edson-mazvila/task-manager/internal/service/task_service.go:82.14,84.3 1 0
github.com/edson-mazvila/task-manager/internal/service/task_service.go:87.2,88.16 2 4
github.com/edson-mazvila/task-manager/internal/service/task_service.go:88.16,91.3 2 1
github.com/edson-mazvila/task-manager/internal/service/task_service.go:94.2,94.17 1 3
github.com/edson-mazvila/task-manager/internal/service/task_service.go:94.17,96.3 1 2
github.com/edson-mazvila/task-manager/internal/service/task_service.go:97.2,97.23 1 3
github.com/edson-mazvila/task-manager/internal/service/task_service.go:97.23,99.3 1 1
github.com/edson-mazvila/task-manager/internal/service/task_service.go:100.2,100.20 1 3
github.com/edson-mazvila/task-manager/internal/service/task_service.go:100.20,102.3 1 3
github.com/edson-mazvila/task-manager/internal/service/task_service.go:103.2,106.40 2 3
github.com/edson-mazvila/task-manager/internal/service/task_service.go:106.40,109.3 2 1
github.com/edson-mazvila/task-manager/internal/service/task_service.go:112.2,112.49 1 2
github.com/edson-mazvila/task-manager/internal/service/task_service.go:112.49,115.3 2 0
github.com/edson-mazvila/task-manager/internal/service/task_service.go:117.2,118.18 2 2
github.com/edson-mazvila/task-manager/internal/service/task_service.go:122.90,123.14 1 4
github.com/edson-mazvila/task-manager/internal/service/task_service.go:123.14,125.3 1 0
github.com/edson-mazvila/task-manager/internal/service/task_service.go:128.2,129.16 2 4
github.com/edson-mazvila/task-manager/internal/service/task_service.go:129.16,132.3 2 1
github.com/edson-mazvila/task-manager/internal/service/task_service.go:135.2,135.47 1 3
github.com/edson-mazvila/task-manager/internal/service/task_service.go:135.47,138.3 2 0
github.com/edson-mazvila/task-manager/internal/service/task_service.go:141.2,144.49 2 3
github.com/edson-mazvila/task-manager/internal/service/task_service.go:144.49,147.3 2 0
github.com/edson-mazvila/task-manager/internal/service/task_service.go:149.2,150.18 2 3
github.com/edson-mazvila/task-manager/internal/service/task_service.go:154.72,155.14 1 2
github.com/edson-mazvila/task-manager/internal/service/task_service.go:155.14,157.3 1 0
github.com/edson-mazvila/task-manager/internal/service/task_service.go:159.2,159.47 1 2
github.com/edson-mazvila/task-manager/internal/service/task_service.go:159.47,162.3 2 1
github.com/edson-mazvila/task-manager/internal/service/task_service.go:164.2,165.12 2 1
github.com/edson-mazvila/task-manager/internal/storage/sqlite.go:22.104,25.47 2 12
github.com/edson-mazvila/task-manager/internal/storage/sqlite.go:25.47,27.3 1 0
github.com/edson-mazvila/task-manager/internal/storage/sqlite.go:30.2,31.16 2 12
github.com/edson-mazvila/task-manager/internal/storage/sqlite.go:31.16,33.3 1 0
github.com/edson-mazvila/task-manager/internal/storage/sqlite.go:36.2,40.44 3 12
github.com/edson-mazvila/task-manager/internal/storage/sqlite.go:40.44,43.3 2 0
github.com/edson-mazvila/task-manager/internal/storage/sqlite.go:45.2,51.51 2 12
github.com/edson-mazvila/task-manager/internal/storage/sqlite.go:51.51,54.3 2 0
github.com/edson-mazvila/task-manager/internal/storage/sqlite.go:56.2,58.21 2 12
github.com/edson-mazvila/task-manager/internal/storage/sqlite.go:62.38,64.2 1 12
github.com/edson-mazvila/task-manager/internal/storage/sqlite.go:67.39,68.17 1 12
github.com/edson-mazvila/task-manager/internal/storage/sqlite.go:68.17,70.3 1 12
github.com/edson-mazvila/task-manager/internal/storage/sqlite.go:71.2,71.12 1 0
github.com/edson-mazvila/task-manager/internal/storage/sqlite.go:75.66,83.16 2 12
github.com/edson-mazvila/task-manager/internal/storage/sqlite.go:83.16,85.3 1 0
github.com/edson-mazvila/task-manager/internal/storage/sqlite.go:88.2,89.16 2 12
github.com/edson-mazvila/task-manager/internal/storage/sqlite.go:89.16,91.3 1 0
github.com/edson-mazvila/task-manager/internal/storage/sqlite.go:94.2,121.34 3 12
github.com/edson-mazvila/task-manager/internal/storage/sqlite.go:121.34,123.3 1 12
github.com/edson-mazvila/task-manager/internal/storage/sqlite.go:124.2,127.35 2 12
github.com/edson-mazvila/task-manager/internal/storage/sqlite.go:127.35,129.33 1 12
github.com/edson-mazvila/task-manager/internal/storage/sqlite.go:129.33,131.12 2 2
github.com/edson-mazvila/task-manager/internal/storage/sqlite.go:134.3,140.17 4 10
github.com/edson-mazvila/task-manager/internal/storage/sqlite.go:140.17,142.4 1 0
github.com/edson-mazvila/task-manager/internal/storage/sqlite.go:145.3,145.57 1 10
github.com/edson-mazvila/task-manager/internal/storage/sqlite.go:145.57,148.4 2 0
github.com/edson-mazvila/task-manager/internal/storage/sqlite.go:151.3,151.104 1 10
github.com/edson-mazvila/task-manager/internal/storage/sqlite.go:151.104,154.4 2 0
github.com/edson-mazvila/task-manager/internal/storage/sqlite.go:156.3,156.37 1 10
github.com/edson-mazvila/task-manager/internal/storage/sqlite.go:156.37,158.4 1 0
github.com/edson-mazvila/task-manager/internal/storage/sqlite.go:160.3,160.70 1 10
github.com/edson-mazvila/task-manager/internal/storage/sqlite.go:163.2,163.12 1 12
github.com/edson-mazvila/task-manager/internal/storage/sqlite.go:167.92,169.16 2 12
github.com/edson-mazvila/task-manager/internal/storage/sqlite.go:169.16,171.3 1 0
github.com/edson-mazvila/task-manager/internal/storage/sqlite.go:172.2,175.18 3 12
github.com/edson-mazvila/task-manager/internal/storage/sqlite.go:175.18,177.45 2 2
github.com/edson-mazvila/task-manager/internal/storage/sqlite.go:177.45,179.4 1 0
github.com/edson-mazvila/task-manager/internal/storage/sqlite.go:180.3,180.26 1 2
github.com/edson-mazvila/task-manager/internal/storage/sqlite.go:183.2,183.28 1 12
